<?xml version="1.0" encoding="utf-8"?><testsuites><testsuite name="pytest" errors="0" failures="0" skipped="0" tests="15" time="2.028" timestamp="2024-10-30T12:18:14.090400+01:00" hostname="AJ"><testcase classname="tests.test_app" name="test_greet" time="0.028" /><testcase classname="tests.test_app" name="test_build" time="0.002" /><testcase classname="tests.test_app" name="test_test" time="0.001" /><testcase classname="tests.test_auth" name="test_register_user" time="0.593" /><testcase classname="tests.test_auth" name="test_login_success" time="0.328" /><testcase classname="tests.test_auth" name="test_login_failure" time="0.022" /><testcase classname="tests.test_dinero" name="test_obtener_dinero" time="0.034" /><testcase classname="tests.test_dinero" name="test_registrar_pago" time="0.108" /><testcase classname="tests.test_notificaciones" name="test_obtener_notificaciones" time="0.038" /><testcase classname="tests.test_notificaciones" name="test_crear_notificacion" time="0.204" /><testcase classname="tests.test_notificaciones" name="test_eliminar_notificacion" time="0.005" /><testcase classname="tests.test_votaciones" name="test_obtener_votaciones" time="0.029" /><testcase classname="tests.test_votaciones" name="test_crear_votacion" time="0.086" /><testcase classname="tests.test_votaciones" name="test_eliminar_votacion" time="0.007" /><testcase classname="tests.test_votaciones" name="test_votar_opcion" time="0.005" /></testsuite></testsuites>